This is pdfTeX, Version 3.141592653-2.6-1.40.23 (MiKTeX 21.7) (preloaded format=pdflatex 2021.10.26)  10 JUL 2022 22:29
entering extended mode
**./result.tex
(result.tex
LaTeX2e <2021-06-01> patch level 1
L3 programming layer <2021-10-18>
(/Users/maurizio/Library/Application Support/MiKTeX/texmfs/install/tex/latex/ba
se/article.cls
Document Class: article 2021/02/12 v1.4n Standard LaTeX document class

(/Users/maurizio/Library/Application Support/MiKTeX/texmfs/install/tex/latex/ba
se/size10.clo
File: size10.clo 2021/02/12 v1.4n Standard LaTeX file (size option)
)
\c@part=\count182
\c@section=\count183
\c@subsection=\count184
\c@subsubsection=\count185
\c@paragraph=\count186
\c@subparagraph=\count187
\c@figure=\count188
\c@table=\count189
\abovecaptionskip=\skip47
\belowcaptionskip=\skip48
\bibindent=\dimen138
)
(/Users/maurizio/Library/Application Support/MiKTeX/texmfs/install/tex/latex/am
smath/amsmath.sty
Package: amsmath 2021/04/20 v2.17j AMS math features
\@mathmargin=\skip49

For additional information on amsmath, use the `?' option.

(/Users/maurizio/Library/Application Support/MiKTeX/texmfs/install/tex/latex/am
smath/amstext.sty
Package: amstext 2000/06/29 v2.01 AMS text

(/Users/maurizio/Library/Application Support/MiKTeX/texmfs/install/tex/latex/am
smath/amsgen.sty
File: amsgen.sty 1999/11/30 v2.0 generic functions
\@emptytoks=\toks16
\ex@=\dimen139
))
(/Users/maurizio/Library/Application Support/MiKTeX/texmfs/install/tex/latex/am
smath/amsbsy.sty
Package: amsbsy 1999/11/29 v1.2d Bold Symbols
\pmbraise@=\dimen140
)
(/Users/maurizio/Library/Application Support/MiKTeX/texmfs/install/tex/latex/am
smath/amsopn.sty
Package: amsopn 2016/03/08 v2.02 operator names
)
\inf@bad=\count190
LaTeX Info: Redefining \frac on input line 234.
\uproot@=\count191
\leftroot@=\count192
LaTeX Info: Redefining \overline on input line 399.
\classnum@=\count193
\DOTSCASE@=\count194
LaTeX Info: Redefining \ldots on input line 496.
LaTeX Info: Redefining \dots on input line 499.
LaTeX Info: Redefining \cdots on input line 620.
\Mathstrutbox@=\box50
\strutbox@=\box51
\big@size=\dimen141
LaTeX Font Info:    Redeclaring font encoding OML on input line 743.
LaTeX Font Info:    Redeclaring font encoding OMS on input line 744.
\macc@depth=\count195
\c@MaxMatrixCols=\count196
\dotsspace@=\muskip16
\c@parentequation=\count197
\dspbrk@lvl=\count198
\tag@help=\toks17
\row@=\count199
\column@=\count266
\maxfields@=\count267
\andhelp@=\toks18
\eqnshift@=\dimen142
\alignsep@=\dimen143
\tagshift@=\dimen144
\tagwidth@=\dimen145
\totwidth@=\dimen146
\lineht@=\dimen147
\@envbody=\toks19
\multlinegap=\skip50
\multlinetaggap=\skip51
\mathdisplay@stack=\toks20
LaTeX Info: Redefining \[ on input line 2923.
LaTeX Info: Redefining \] on input line 2924.
)
(/Users/maurizio/Library/Application Support/MiKTeX/texmfs/install/tex/latex/am
sfonts/amssymb.sty
Package: amssymb 2013/01/14 v3.01 AMS font symbols

(/Users/maurizio/Library/Application Support/MiKTeX/texmfs/install/tex/latex/am
sfonts/amsfonts.sty
Package: amsfonts 2013/01/14 v3.01 Basic AMSFonts support
\symAMSa=\mathgroup4
\symAMSb=\mathgroup5
LaTeX Font Info:    Redeclaring math symbol \hbar on input line 98.
LaTeX Font Info:    Overwriting math alphabet `\mathfrak' in version `bold'
(Font)                  U/euf/m/n --> U/euf/b/n on input line 106.
))
(/Users/maurizio/Library/Application Support/MiKTeX/texmfs/install/tex/latex/lm
/lmodern.sty
Package: lmodern 2009/10/30 v1.6 Latin Modern Fonts
LaTeX Font Info:    Overwriting symbol font `operators' in version `normal'
(Font)                  OT1/cmr/m/n --> OT1/lmr/m/n on input line 22.
LaTeX Font Info:    Overwriting symbol font `letters' in version `normal'
(Font)                  OML/cmm/m/it --> OML/lmm/m/it on input line 23.
LaTeX Font Info:    Overwriting symbol font `symbols' in version `normal'
(Font)                  OMS/cmsy/m/n --> OMS/lmsy/m/n on input line 24.
LaTeX Font Info:    Overwriting symbol font `largesymbols' in version `normal'
(Font)                  OMX/cmex/m/n --> OMX/lmex/m/n on input line 25.
LaTeX Font Info:    Overwriting symbol font `operators' in version `bold'
(Font)                  OT1/cmr/bx/n --> OT1/lmr/bx/n on input line 26.
LaTeX Font Info:    Overwriting symbol font `letters' in version `bold'
(Font)                  OML/cmm/b/it --> OML/lmm/b/it on input line 27.
LaTeX Font Info:    Overwriting symbol font `symbols' in version `bold'
(Font)                  OMS/cmsy/b/n --> OMS/lmsy/b/n on input line 28.
LaTeX Font Info:    Overwriting symbol font `largesymbols' in version `bold'
(Font)                  OMX/cmex/m/n --> OMX/lmex/m/n on input line 29.
LaTeX Font Info:    Overwriting math alphabet `\mathbf' in version `normal'
(Font)                  OT1/cmr/bx/n --> OT1/lmr/bx/n on input line 31.
LaTeX Font Info:    Overwriting math alphabet `\mathsf' in version `normal'
(Font)                  OT1/cmss/m/n --> OT1/lmss/m/n on input line 32.
LaTeX Font Info:    Overwriting math alphabet `\mathit' in version `normal'
(Font)                  OT1/cmr/m/it --> OT1/lmr/m/it on input line 33.
LaTeX Font Info:    Overwriting math alphabet `\mathtt' in version `normal'
(Font)                  OT1/cmtt/m/n --> OT1/lmtt/m/n on input line 34.
LaTeX Font Info:    Overwriting math alphabet `\mathbf' in version `bold'
(Font)                  OT1/cmr/bx/n --> OT1/lmr/bx/n on input line 35.
LaTeX Font Info:    Overwriting math alphabet `\mathsf' in version `bold'
(Font)                  OT1/cmss/bx/n --> OT1/lmss/bx/n on input line 36.
LaTeX Font Info:    Overwriting math alphabet `\mathit' in version `bold'
(Font)                  OT1/cmr/bx/it --> OT1/lmr/bx/it on input line 37.
LaTeX Font Info:    Overwriting math alphabet `\mathtt' in version `bold'
(Font)                  OT1/cmtt/m/n --> OT1/lmtt/m/n on input line 38.
)
(/Users/maurizio/Library/Application Support/MiKTeX/texmfs/install/tex/generic/
iftex/iftex.sty
Package: iftex 2020/03/06 v1.0d TeX engine tests
)
(/Users/maurizio/Library/Application Support/MiKTeX/texmfs/install/tex/latex/ba
se/fontenc.sty
Package: fontenc 2021/04/29 v2.0v Standard LaTeX package
LaTeX Font Info:    Trying to load font information for T1+lmr on input line 11
2.

(/Users/maurizio/Library/Application Support/MiKTeX/texmfs/install/tex/latex/lm
/t1lmr.fd
File: t1lmr.fd 2009/10/30 v1.6 Font defs for Latin Modern
))
(/Users/maurizio/Library/Application Support/MiKTeX/texmfs/install/tex/latex/ba
se/inputenc.sty
Package: inputenc 2021/02/14 v1.3d Input encoding file
\inpenc@prehook=\toks21
\inpenc@posthook=\toks22
)
(/Users/maurizio/Library/Application Support/MiKTeX/texmfs/install/tex/latex/ba
se/textcomp.sty
Package: textcomp 2020/02/02 v2.0n Standard LaTeX package
)
(/Users/maurizio/Library/Application Support/MiKTeX/texmfs/install/tex/latex/up
quote/upquote.sty
Package: upquote 2012/04/19 v1.3 upright-quote and grave-accent glyphs in verba
tim
)
(/Users/maurizio/Library/Application Support/MiKTeX/texmfs/install/tex/latex/mi
crotype/microtype.sty
Package: microtype 2021/12/10 v3.0b Micro-typographical refinements (RS)

(/Users/maurizio/Library/Application Support/MiKTeX/texmfs/install/tex/latex/gr
aphics/keyval.sty
Package: keyval 2014/10/28 v1.15 key=value parser (DPC)
\KV@toks@=\toks23
)
(/Users/maurizio/Library/Application Support/MiKTeX/texmfs/install/tex/latex/et
oolbox/etoolbox.sty
Package: etoolbox 2020/10/05 v2.5k e-TeX tools for LaTeX (JAW)
\etb@tempcnta=\count268
)
\MT@toks=\toks24
\MT@count=\count269
\MT@tempbox=\box52
LaTeX Info: Redefining \leftprotrusion on input line 1010.
LaTeX Info: Redefining \rightprotrusion on input line 1018.
LaTeX Info: Redefining \textls on input line 1173.
\MT@outer@kern=\dimen148
LaTeX Info: Redefining \textmicrotypecontext on input line 1759.
\MT@listname@count=\count270

(/Users/maurizio/Library/Application Support/MiKTeX/texmfs/install/tex/latex/mi
crotype/microtype-pdftex.def
File: microtype-pdftex.def 2021/12/10 v3.0b Definitions specific to pdftex (RS)

LaTeX Info: Redefining \lsstyle on input line 897.
LaTeX Info: Redefining \lslig on input line 897.
\MT@outer@space=\skip52
)
Package microtype Info: Loading configuration file microtype.cfg.

(/Users/maurizio/Library/Application Support/MiKTeX/texmfs/install/tex/latex/mi
crotype/microtype.cfg
File: microtype.cfg 2021/12/10 v3.0b microtype main configuration file (RS)
))
(/Users/maurizio/Library/Application Support/MiKTeX/texmfs/install/tex/latex/pa
rskip/parskip.sty
Package: parskip 2021-03-14 v2.0h non-zero parskip adjustments

(/Users/maurizio/Library/Application Support/MiKTeX/texmfs/install/tex/latex/kv
options/kvoptions.sty
Package: kvoptions 2020-10-07 v3.14 Key value format for package options (HO)

(/Users/maurizio/Library/Application Support/MiKTeX/texmfs/install/tex/generic/
ltxcmds/ltxcmds.sty
Package: ltxcmds 2020-05-10 v1.25 LaTeX kernel commands for general use (HO)
)
(/Users/maurizio/Library/Application Support/MiKTeX/texmfs/install/tex/generic/
kvsetkeys/kvsetkeys.sty
Package: kvsetkeys 2019/12/15 v1.18 Key value parser (HO)
)))
(/Users/maurizio/Library/Application Support/MiKTeX/texmfs/install/tex/latex/xc
olor/xcolor.sty
Package: xcolor 2016/05/11 v2.12 LaTeX color extensions (UK)

(/Users/maurizio/Library/Application Support/MiKTeX/texmfs/install/tex/latex/gr
aphics-cfg/color.cfg
File: color.cfg 2016/01/02 v1.6 sample color configuration
)
Package xcolor Info: Driver file: pdftex.def on input line 225.

(/Users/maurizio/Library/Application Support/MiKTeX/texmfs/install/tex/latex/gr
aphics-def/pdftex.def
File: pdftex.def 2020/10/05 v1.2a Graphics/color driver for pdftex
)
Package xcolor Info: Model `cmy' substituted by `cmy0' on input line 1348.
Package xcolor Info: Model `hsb' substituted by `rgb' on input line 1352.
Package xcolor Info: Model `RGB' extended on input line 1364.
Package xcolor Info: Model `HTML' substituted by `rgb' on input line 1366.
Package xcolor Info: Model `Hsb' substituted by `hsb' on input line 1367.
Package xcolor Info: Model `tHsb' substituted by `hsb' on input line 1368.
Package xcolor Info: Model `HSB' substituted by `hsb' on input line 1369.
Package xcolor Info: Model `Gray' substituted by `gray' on input line 1370.
Package xcolor Info: Model `wave' substituted by `hsb' on input line 1371.
)
(/Users/maurizio/Library/Application Support/MiKTeX/texmfs/install/tex/latex/xu
rl/xurl.sty
Package: xurl 2020/12/30 v 0.09a modify URL breaks

(/Users/maurizio/Library/Application Support/MiKTeX/texmfs/install/tex/latex/ur
l/url.sty
\Urlmuskip=\muskip17
Package: url 2013/09/16  ver 3.4  Verb mode for urls, etc.
))
(/Users/maurizio/Library/Application Support/MiKTeX/texmfs/install/tex/latex/bo
okmark/bookmark.sty
Package: bookmark 2020-11-06 v1.29 PDF bookmarks (HO)

(/Users/maurizio/Library/Application Support/MiKTeX/texmfs/install/tex/latex/hy
perref/hyperref.sty
Package: hyperref 2021-06-07 v7.00m Hypertext links for LaTeX

(/Users/maurizio/Library/Application Support/MiKTeX/texmfs/install/tex/generic/
pdftexcmds/pdftexcmds.sty
Package: pdftexcmds 2020-06-27 v0.33 Utility functions of pdfTeX for LuaTeX (HO
)

(/Users/maurizio/Library/Application Support/MiKTeX/texmfs/install/tex/generic/
infwarerr/infwarerr.sty
Package: infwarerr 2019/12/03 v1.5 Providing info/warning/error messages (HO)
)
Package pdftexcmds Info: \pdf@primitive is available.
Package pdftexcmds Info: \pdf@ifprimitive is available.
Package pdftexcmds Info: \pdfdraftmode found.
)
(/Users/maurizio/Library/Application Support/MiKTeX/texmfs/install/tex/generic/
kvdefinekeys/kvdefinekeys.sty
Package: kvdefinekeys 2019-12-19 v1.6 Define keys (HO)
)
(/Users/maurizio/Library/Application Support/MiKTeX/texmfs/install/tex/generic/
pdfescape/pdfescape.sty
Package: pdfescape 2019/12/09 v1.15 Implements pdfTeX's escape features (HO)
)
(/Users/maurizio/Library/Application Support/MiKTeX/texmfs/install/tex/latex/hy
color/hycolor.sty
Package: hycolor 2020-01-27 v1.10 Color options for hyperref/bookmark (HO)
)
(/Users/maurizio/Library/Application Support/MiKTeX/texmfs/install/tex/latex/le
tltxmacro/letltxmacro.sty
Package: letltxmacro 2019/12/03 v1.6 Let assignment for LaTeX macros (HO)
)
(/Users/maurizio/Library/Application Support/MiKTeX/texmfs/install/tex/latex/au
xhook/auxhook.sty
Package: auxhook 2019-12-17 v1.6 Hooks for auxiliary files (HO)
)
\@linkdim=\dimen149
\Hy@linkcounter=\count271
\Hy@pagecounter=\count272

(/Users/maurizio/Library/Application Support/MiKTeX/texmfs/install/tex/latex/hy
perref/pd1enc.def
File: pd1enc.def 2021-06-07 v7.00m Hyperref: PDFDocEncoding definition (HO)
Now handling font encoding PD1 ...
... no UTF-8 mapping file for font encoding PD1
)
(/Users/maurizio/Library/Application Support/MiKTeX/texmfs/install/tex/latex/hy
perref/hyperref-langpatches.def
File: hyperref-langpatches.def 2021-06-07 v7.00m Hyperref: patches for babel la
nguages
)
(/Users/maurizio/Library/Application Support/MiKTeX/texmfs/install/tex/generic/
intcalc/intcalc.sty
Package: intcalc 2019/12/15 v1.3 Expandable calculations with integers (HO)
)
(/Users/maurizio/Library/Application Support/MiKTeX/texmfs/install/tex/generic/
etexcmds/etexcmds.sty
Package: etexcmds 2019/12/15 v1.7 Avoid name clashes with e-TeX commands (HO)
)
\Hy@SavedSpaceFactor=\count273

(/Users/maurizio/Library/Application Support/MiKTeX/texmfs/install/tex/latex/hy
perref/puenc.def
File: puenc.def 2021-06-07 v7.00m Hyperref: PDF Unicode definition (HO)
Now handling font encoding PU ...
... no UTF-8 mapping file for font encoding PU
)
Package hyperref Info: Option `unicode' set `true' on input line 4073.
Package hyperref Info: Hyper figures OFF on input line 4192.
Package hyperref Info: Link nesting OFF on input line 4197.
Package hyperref Info: Hyper index ON on input line 4200.
Package hyperref Info: Plain pages OFF on input line 4207.
Package hyperref Info: Backreferencing OFF on input line 4212.
Package hyperref Info: Implicit mode ON; LaTeX internals redefined.
Package hyperref Info: Bookmarks ON on input line 4445.
\c@Hy@tempcnt=\count274
LaTeX Info: Redefining \url on input line 4804.
\XeTeXLinkMargin=\dimen150

(/Users/maurizio/Library/Application Support/MiKTeX/texmfs/install/tex/generic/
bitset/bitset.sty
Package: bitset 2019/12/09 v1.3 Handle bit-vector datatype (HO)

(/Users/maurizio/Library/Application Support/MiKTeX/texmfs/install/tex/generic/
bigintcalc/bigintcalc.sty
Package: bigintcalc 2019/12/15 v1.5 Expandable calculations on big integers (HO
)
))
\Fld@menulength=\count275
\Field@Width=\dimen151
\Fld@charsize=\dimen152
Package hyperref Info: Hyper figures OFF on input line 6076.
Package hyperref Info: Link nesting OFF on input line 6081.
Package hyperref Info: Hyper index ON on input line 6084.
Package hyperref Info: backreferencing OFF on input line 6091.
Package hyperref Info: Link coloring OFF on input line 6096.
Package hyperref Info: Link coloring with OCG OFF on input line 6101.
Package hyperref Info: PDF/A mode OFF on input line 6106.
LaTeX Info: Redefining \ref on input line 6146.
LaTeX Info: Redefining \pageref on input line 6150.

(/Users/maurizio/Library/Application Support/MiKTeX/texmfs/install/tex/latex/ba
se/atbegshi-ltx.sty
Package: atbegshi-ltx 2021/01/10 v1.0c Emulation of the original atbegshi
package with kernel methods
)
\Hy@abspage=\count276
\c@Item=\count277
\c@Hfootnote=\count278
)
Package hyperref Info: Driver (autodetected): hpdftex.

(/Users/maurizio/Library/Application Support/MiKTeX/texmfs/install/tex/latex/hy
perref/hpdftex.def
File: hpdftex.def 2021-06-07 v7.00m Hyperref driver for pdfTeX

(/Users/maurizio/Library/Application Support/MiKTeX/texmfs/install/tex/latex/ba
se/atveryend-ltx.sty
Package: atveryend-ltx 2020/08/19 v1.0a Emulation of the original atvery packag
e
with kernel methods
)
\Fld@listcount=\count279
\c@bookmark@seq@number=\count280

(/Users/maurizio/Library/Application Support/MiKTeX/texmfs/install/tex/latex/re
runfilecheck/rerunfilecheck.sty
Package: rerunfilecheck 2019/12/05 v1.9 Rerun checks for auxiliary files (HO)

(/Users/maurizio/Library/Application Support/MiKTeX/texmfs/install/tex/generic/
uniquecounter/uniquecounter.sty
Package: uniquecounter 2019/12/15 v1.4 Provide unlimited unique counter (HO)
)
Package uniquecounter Info: New unique counter `rerunfilecheck' on input line 2
86.
)
\Hy@SectionHShift=\skip53
)
(/Users/maurizio/Library/Application Support/MiKTeX/texmfs/install/tex/latex/bo
okmark/bkm-pdftex.def
File: bkm-pdftex.def 2020-11-06 v1.29 bookmark driver for pdfTeX (HO)
\BKM@id=\count281
))
(/Users/maurizio/Library/Application Support/MiKTeX/texmfs/install/tex/latex/to
ols/longtable.sty
Package: longtable 2021-05-07 v4.16 Multi-page Table package (DPC)
\LTleft=\skip54
\LTright=\skip55
\LTpre=\skip56
\LTpost=\skip57
\LTchunksize=\count282
\LTcapwidth=\dimen153
\LT@head=\box53
\LT@firsthead=\box54
\LT@foot=\box55
\LT@lastfoot=\box56
\LT@gbox=\box57
\LT@cols=\count283
\LT@rows=\count284
\c@LT@tables=\count285
\c@LT@chunks=\count286
\LT@p@ftn=\toks25
)
(/Users/maurizio/Library/Application Support/MiKTeX/texmfs/install/tex/latex/bo
oktabs/booktabs.sty
Package: booktabs 2020/01/12 v1.61803398 Publication quality tables
\heavyrulewidth=\dimen154
\lightrulewidth=\dimen155
\cmidrulewidth=\dimen156
\belowrulesep=\dimen157
\belowbottomsep=\dimen158
\aboverulesep=\dimen159
\abovetopsep=\dimen160
\cmidrulesep=\dimen161
\cmidrulekern=\dimen162
\defaultaddspace=\dimen163
\@cmidla=\count287
\@cmidlb=\count288
\@aboverulesep=\dimen164
\@belowrulesep=\dimen165
\@thisruleclass=\count289
\@lastruleclass=\count290
\@thisrulewidth=\dimen166
)
(/Users/maurizio/Library/Application Support/MiKTeX/texmfs/install/tex/latex/to
ols/array.sty
Package: array 2021/04/20 v2.5e Tabular extension package (FMi)
\col@sep=\dimen167
\ar@mcellbox=\box58
\extrarowheight=\dimen168
\NC@list=\toks26
\extratabsurround=\skip58
\backup@length=\skip59
\ar@cellbox=\box59
)
(/Users/maurizio/Library/Application Support/MiKTeX/texmfs/install/tex/latex/to
ols/calc.sty
Package: calc 2017/05/25 v4.3 Infix arithmetic (KKT,FJ)
\calc@Acount=\count291
\calc@Bcount=\count292
\calc@Adimen=\dimen169
\calc@Bdimen=\dimen170
\calc@Askip=\skip60
\calc@Bskip=\skip61
LaTeX Info: Redefining \setlength on input line 80.
LaTeX Info: Redefining \addtolength on input line 81.
\calc@Ccount=\count293
\calc@Cskip=\skip62
)
(/Users/maurizio/Library/Application Support/MiKTeX/texmfs/install/tex/latex/fo
otnotehyper/footnotehyper.sty
Package: footnotehyper 2021/08/13 v1.1e hyperref aware footnote.sty (JFB)
\FNH@notes=\box60
\FNH@width=\dimen171
\FNH@toks=\toks27
)
(/Users/maurizio/Library/Application Support/MiKTeX/texmfs/install/tex/latex/gr
aphics/graphicx.sty
Package: graphicx 2020/12/05 v1.2c Enhanced LaTeX Graphics (DPC,SPQR)

(/Users/maurizio/Library/Application Support/MiKTeX/texmfs/install/tex/latex/gr
aphics/graphics.sty
Package: graphics 2021/03/04 v1.4d Standard LaTeX Graphics (DPC,SPQR)

(/Users/maurizio/Library/Application Support/MiKTeX/texmfs/install/tex/latex/gr
aphics/trig.sty
Package: trig 2016/01/03 v1.10 sin cos tan (DPC)
)
(/Users/maurizio/Library/Application Support/MiKTeX/texmfs/install/tex/latex/gr
aphics-cfg/graphics.cfg
File: graphics.cfg 2016/06/04 v1.11 sample graphics configuration
)
Package graphics Info: Driver file: pdftex.def on input line 107.
)
\Gin@req@height=\dimen172
\Gin@req@width=\dimen173
)
(/Users/maurizio/Library/Application Support/MiKTeX/texmfs/install/tex/latex/l3
backend/l3backend-pdftex.def
File: l3backend-pdftex.def 2021-10-18 L3 backend support: PDF output (pdfTeX)
\l__color_backend_stack_int=\count294
\l__pdf_internal_box=\box61
) (result.aux)
\openout1 = `result.aux'.

LaTeX Font Info:    Checking defaults for OML/cmm/m/it on input line 79.
LaTeX Font Info:    ... okay on input line 79.
LaTeX Font Info:    Checking defaults for OMS/cmsy/m/n on input line 79.
LaTeX Font Info:    ... okay on input line 79.
LaTeX Font Info:    Checking defaults for OT1/cmr/m/n on input line 79.
LaTeX Font Info:    ... okay on input line 79.
LaTeX Font Info:    Checking defaults for T1/cmr/m/n on input line 79.
LaTeX Font Info:    ... okay on input line 79.
LaTeX Font Info:    Checking defaults for TS1/cmr/m/n on input line 79.
LaTeX Font Info:    ... okay on input line 79.
LaTeX Font Info:    Checking defaults for OMX/cmex/m/n on input line 79.
LaTeX Font Info:    ... okay on input line 79.
LaTeX Font Info:    Checking defaults for U/cmr/m/n on input line 79.
LaTeX Font Info:    ... okay on input line 79.
LaTeX Font Info:    Checking defaults for PD1/pdf/m/n on input line 79.
LaTeX Font Info:    ... okay on input line 79.
LaTeX Font Info:    Checking defaults for PU/pdf/m/n on input line 79.
LaTeX Font Info:    ... okay on input line 79.
LaTeX Info: Redefining \microtypecontext on input line 79.
Package microtype Info: Applying patch `item' on input line 79.
Package microtype Info: Applying patch `toc' on input line 79.
Package microtype Info: Applying patch `eqnum' on input line 79.
Package microtype Info: Applying patch `footnote' on input line 79.
Package microtype Info: Generating PDF output.
Package microtype Info: Character protrusion enabled (level 2).
Package microtype Info: Using protrusion set `basicmath'.
Package microtype Info: Automatic font expansion enabled (level 2),
(microtype)             stretch: 20, shrink: 20, step: 1, non-selected.
Package microtype Info: Using default expansion set `alltext-nott'.
LaTeX Info: Redefining \showhyphens on input line 79.
Package microtype Info: No adjustment of tracking.
Package microtype Info: No adjustment of interword spacing.
Package microtype Info: No adjustment of character kerning.

(/Users/maurizio/Library/Application Support/MiKTeX/texmfs/install/tex/latex/mi
crotype/mt-cmr.cfg
File: mt-cmr.cfg 2013/05/19 v2.2 microtype config. file: Computer Modern Roman 
(RS)
)
(/Users/maurizio/Library/Application Support/MiKTeX/texmfs/install/tex/context/
base/mkii/supp-pdf.mkii
[Loading MPS to PDF converter (version 2006.09.02).]
\scratchcounter=\count295
\scratchdimen=\dimen174
\scratchbox=\box62
\nofMPsegments=\count296
\nofMParguments=\count297
\everyMPshowfont=\toks28
\MPscratchCnt=\count298
\MPscratchDim=\dimen175
\MPnumerator=\count299
\makeMPintoPDFobject=\count300
\everyMPtoPDFconversion=\toks29
)
(/Users/maurizio/Library/Application Support/MiKTeX/texmfs/install/tex/latex/ep
stopdf-pkg/epstopdf-base.sty
Package: epstopdf-base 2020-01-24 v2.11 Base part for package epstopdf
Package epstopdf-base Info: Redefining graphics rule for `.eps' on input line 4
85.

(/Users/maurizio/Library/Application Support/MiKTeX/texmfs/install/tex/latex/00
miktex/epstopdf-sys.cfg
File: epstopdf-sys.cfg 2021/03/18 v2.0 Configuration of epstopdf for MiKTeX
))
Package hyperref Info: Link coloring OFF on input line 79.

(/Users/maurizio/Library/Application Support/MiKTeX/texmfs/install/tex/latex/hy
perref/nameref.sty
Package: nameref 2021-04-02 v2.47 Cross-referencing by name of section

(/Users/maurizio/Library/Application Support/MiKTeX/texmfs/install/tex/latex/re
fcount/refcount.sty
Package: refcount 2019/12/15 v3.6 Data extraction from label references (HO)
)
(/Users/maurizio/Library/Application Support/MiKTeX/texmfs/install/tex/generic/
gettitlestring/gettitlestring.sty
Package: gettitlestring 2019/12/15 v1.6 Cleanup title references (HO)
)
\c@section@level=\count301
)
LaTeX Info: Redefining \ref on input line 79.
LaTeX Info: Redefining \pageref on input line 79.
LaTeX Info: Redefining \nameref on input line 79.
LaTeX Font Info:    Trying to load font information for OT1+lmr on input line 8
1.

(/Users/maurizio/Library/Application Support/MiKTeX/texmfs/install/tex/latex/lm
/ot1lmr.fd
File: ot1lmr.fd 2009/10/30 v1.6 Font defs for Latin Modern
)
LaTeX Font Info:    Trying to load font information for OML+lmm on input line 8
1.

(/Users/maurizio/Library/Application Support/MiKTeX/texmfs/install/tex/latex/lm
/omllmm.fd
File: omllmm.fd 2009/10/30 v1.6 Font defs for Latin Modern
)
LaTeX Font Info:    Trying to load font information for OMS+lmsy on input line 
81.

(/Users/maurizio/Library/Application Support/MiKTeX/texmfs/install/tex/latex/lm
/omslmsy.fd
File: omslmsy.fd 2009/10/30 v1.6 Font defs for Latin Modern
)
LaTeX Font Info:    Trying to load font information for OMX+lmex on input line 
81.

(/Users/maurizio/Library/Application Support/MiKTeX/texmfs/install/tex/latex/lm
/omxlmex.fd
File: omxlmex.fd 2009/10/30 v1.6 Font defs for Latin Modern
)
LaTeX Font Info:    External font `lmex10' loaded for size
(Font)              <12> on input line 81.
LaTeX Font Info:    External font `lmex10' loaded for size
(Font)              <8> on input line 81.
LaTeX Font Info:    External font `lmex10' loaded for size
(Font)              <6> on input line 81.
LaTeX Font Info:    Trying to load font information for U+msa on input line 81.


(/Users/maurizio/Library/Application Support/MiKTeX/texmfs/install/tex/latex/am
sfonts/umsa.fd
File: umsa.fd 2013/01/14 v3.01 AMS symbols A
)
(/Users/maurizio/Library/Application Support/MiKTeX/texmfs/install/tex/latex/mi
crotype/mt-msa.cfg
File: mt-msa.cfg 2006/02/04 v1.1 microtype config. file: AMS symbols (a) (RS)
)
LaTeX Font Info:    Trying to load font information for U+msb on input line 81.


(/Users/maurizio/Library/Application Support/MiKTeX/texmfs/install/tex/latex/am
sfonts/umsb.fd
File: umsb.fd 2013/01/14 v3.01 AMS symbols B
)
(/Users/maurizio/Library/Application Support/MiKTeX/texmfs/install/tex/latex/mi
crotype/mt-msb.cfg
File: mt-msb.cfg 2005/06/01 v1.0 microtype config. file: AMS symbols (b) (RS)
)
<cs0_69.png, id=3, 107.6823pt x 107.6823pt>
File: cs0_69.png Graphic file (type png)
<use cs0_69.png>
Package pdftex.def Info: cs0_69.png  used on input line 91.
(pdftex.def)             Requested size: 107.68365pt x 107.68365pt.
LaTeX Font Info:    Trying to load font information for TS1+lmr on input line 9
8.

(/Users/maurizio/Library/Application Support/MiKTeX/texmfs/install/tex/latex/lm
/ts1lmr.fd
File: ts1lmr.fd 2009/10/30 v1.6 Font defs for Latin Modern
)
Overfull \hbox (5.04935pt too wide) in paragraph at lines 136--136
[]|\T1/lmr/m/n/10 (-20) XGB|  
 []


Overfull \hbox (3.71779pt too wide) in paragraph at lines 136--136
[]|\T1/lmr/m/n/10 (-20) 0.806577|  
 []


Overfull \hbox (3.71779pt too wide) in paragraph at lines 136--136
[]|\T1/lmr/m/n/10 (-20) 0.651845|  
 []


Overfull \hbox (5.12378pt too wide) in paragraph at lines 139--139
[]|\T1/lmr/m/n/10 (-20) MLP|  
 []


Overfull \hbox (3.71779pt too wide) in paragraph at lines 139--139
[]|\T1/lmr/m/n/10 (-20) 0.690011|  
 []


Overfull \hbox (3.71779pt too wide) in paragraph at lines 139--139
[]|\T1/lmr/m/n/10 (-20) 0.475601|  
 []


Overfull \hbox (3.71779pt too wide) in paragraph at lines 142--142
[]|\T1/lmr/m/n/10 (-20) 0.727178|  
 []


Overfull \hbox (3.71779pt too wide) in paragraph at lines 142--142
[]|\T1/lmr/m/n/10 (-20) 0.574159|  
 []


Overfull \hbox (5.04935pt too wide) in paragraph at lines 176--176
[]|\T1/lmr/m/n/10 (-20) XGB|  
 []


Overfull \hbox (3.71779pt too wide) in paragraph at lines 176--176
[]|\T1/lmr/m/n/10 (-20) 0.842672|  
 []


Overfull \hbox (9.2711pt too wide) in paragraph at lines 176--176
[]|\T1/lmr/bx/n/10 (-20) 0.741349|  
 []


Overfull \hbox (5.12378pt too wide) in paragraph at lines 179--179
[]|\T1/lmr/m/n/10 (-20) MLP|  
 []


Overfull \hbox (9.2711pt too wide) in paragraph at lines 179--179
[]|\T1/lmr/bx/n/10 (-20) 0.856145|  
 []


Overfull \hbox (3.71779pt too wide) in paragraph at lines 179--179
[]|\T1/lmr/m/n/10 (-20) 0.735039|  
 []


Overfull \hbox (3.71779pt too wide) in paragraph at lines 182--182
[]|\T1/lmr/m/n/10 (-20) 0.762774|  
 []


Overfull \hbox (3.71779pt too wide) in paragraph at lines 182--182
[]|\T1/lmr/m/n/10 (-20) 0.652522|  
 []

[1

{/Users/maurizio/Library/Application Support/MiKTeX/texmfs/data/pdftex/config/p
dftex.map} <./cs0_69.png>]
Overfull \hbox (5.04935pt too wide) in paragraph at lines 216--216
[]|\T1/lmr/m/n/10 (-20) XGB|  
 []


Overfull \hbox (3.71779pt too wide) in paragraph at lines 216--216
[]|\T1/lmr/m/n/10 (-20) 0.839947|  
 []


Overfull \hbox (9.2711pt too wide) in paragraph at lines 216--216
[]|\T1/lmr/bx/n/10 (-20) 0.742353|  
 []


Overfull \hbox (5.12378pt too wide) in paragraph at lines 219--219
[]|\T1/lmr/m/n/10 (-20) MLP|  
 []


Overfull \hbox (9.2711pt too wide) in paragraph at lines 219--219
[]|\T1/lmr/bx/n/10 (-20) 0.851427|  
 []


Overfull \hbox (3.71779pt too wide) in paragraph at lines 219--219
[]|\T1/lmr/m/n/10 (-20) 0.730933|  
 []


Overfull \hbox (3.71779pt too wide) in paragraph at lines 222--222
[]|\T1/lmr/m/n/10 (-20) 0.755046|  
 []


Overfull \hbox (3.71779pt too wide) in paragraph at lines 222--222
[]|\T1/lmr/m/n/10 (-20) 0.641838|  
 []


Overfull \hbox (4.64111pt too wide) in paragraph at lines 256--256
[]|\T1/lmr/m/n/10 (-20) XGB|  
 []


Overfull \hbox (1.40883pt too wide) in paragraph at lines 256--256
[]|\T1/lmr/m/n/10 (-20) 0.81838|  
 []


Overfull \hbox (1.40883pt too wide) in paragraph at lines 256--256
[]|\T1/lmr/m/n/10 (-20) 0.68186|  
 []


Overfull \hbox (4.71555pt too wide) in paragraph at lines 259--259
[]|\T1/lmr/m/n/10 (-20) MLP|  
 []


Overfull \hbox (6.30882pt too wide) in paragraph at lines 259--259
[]|\T1/lmr/m/n/10 (-20) 0.740279|  
 []


Overfull \hbox (6.30882pt too wide) in paragraph at lines 259--259
[]|\T1/lmr/m/n/10 (-20) 0.504984|  
 []


Overfull \hbox (6.30882pt too wide) in paragraph at lines 262--262
[]|\T1/lmr/m/n/10 (-20) 0.721006|  
 []


Overfull \hbox (6.30882pt too wide) in paragraph at lines 262--262
[]|\T1/lmr/m/n/10 (-20) 0.535904|  
 []


Overfull \hbox (4.64111pt too wide) in paragraph at lines 299--299
[]|\T1/lmr/m/n/10 (-20) XGB|  
 []


Overfull \hbox (2.89716pt too wide) in paragraph at lines 299--299
[]|\T1/lmr/m/n/10 (-20) 0.813797|  
 []


Overfull \hbox (9.72049pt too wide) in paragraph at lines 299--299
[]|\T1/lmr/m/n/10 (-20) 0.662255|  
 []


Overfull \hbox (4.71555pt too wide) in paragraph at lines 302--302
[]|\T1/lmr/m/n/10 (-20) MLP|  
 []


Overfull \hbox (2.89716pt too wide) in paragraph at lines 302--302
[]|\T1/lmr/m/n/10 (-20) 0.682809|  
 []


Overfull \hbox (9.72049pt too wide) in paragraph at lines 302--302
[]|\T1/lmr/m/n/10 (-20) 0.459727|  
 []


Overfull \hbox (5.04935pt too wide) in paragraph at lines 336--336
[]|\T1/lmr/m/n/10 (-20) XGB|  
 []


Overfull \hbox (3.71779pt too wide) in paragraph at lines 336--336
[]|\T1/lmr/m/n/10 (-20) 0.780163|  
 []


Overfull \hbox (3.71779pt too wide) in paragraph at lines 336--336
[]|\T1/lmr/m/n/10 (-20) 0.619234|  
 []


Overfull \hbox (5.12378pt too wide) in paragraph at lines 339--339
[]|\T1/lmr/m/n/10 (-20) MLP|  
 []


Overfull \hbox (3.71779pt too wide) in paragraph at lines 339--339
[]|\T1/lmr/m/n/10 (-20) 0.656522|  
 []


Overfull \hbox (3.71779pt too wide) in paragraph at lines 339--339
[]|\T1/lmr/m/n/10 (-20) 0.348635|  
 []

[2]
Overfull \hbox (5.04935pt too wide) in paragraph at lines 373--373
[]|\T1/lmr/m/n/10 (-20) XGB|  
 []


Overfull \hbox (3.71779pt too wide) in paragraph at lines 373--373
[]|\T1/lmr/m/n/10 (-20) 0.776644|  
 []


Overfull \hbox (3.71779pt too wide) in paragraph at lines 373--373
[]|\T1/lmr/m/n/10 (-20) 0.613232|  
 []


Overfull \hbox (5.12378pt too wide) in paragraph at lines 376--376
[]|\T1/lmr/m/n/10 (-20) MLP|  
 []


Overfull \hbox (3.71779pt too wide) in paragraph at lines 376--376
[]|\T1/lmr/m/n/10 (-20) 0.665533|  
 []


Overfull \hbox (5.04935pt too wide) in paragraph at lines 410--410
[]|\T1/lmr/m/n/10 (-20) XGB|  
 []


Overfull \hbox (3.71779pt too wide) in paragraph at lines 410--410
[]|\T1/lmr/m/n/10 (-20) 0.810114|  
 []


Overfull \hbox (3.71779pt too wide) in paragraph at lines 410--410
[]|\T1/lmr/m/n/10 (-20) 0.656043|  
 []


Overfull \hbox (5.12378pt too wide) in paragraph at lines 413--413
[]|\T1/lmr/m/n/10 (-20) MLP|  
 []


Overfull \hbox (3.71779pt too wide) in paragraph at lines 413--413
[]|\T1/lmr/m/n/10 (-20) 0.629857|  
 []


Overfull \hbox (3.71779pt too wide) in paragraph at lines 413--413
[]|\T1/lmr/m/n/10 (-20) 0.335774|  
 []


Overfull \hbox (5.04935pt too wide) in paragraph at lines 450--450
[]|\T1/lmr/m/n/10 (-20) XGB|  
 []


Overfull \hbox (3.71779pt too wide) in paragraph at lines 450--450
[]|\T1/lmr/m/n/10 (-20) 0.809385|  
 []


Overfull \hbox (3.71779pt too wide) in paragraph at lines 450--450
[]|\T1/lmr/m/n/10 (-20) 0.660859|  
 []


Overfull \hbox (5.12378pt too wide) in paragraph at lines 453--453
[]|\T1/lmr/m/n/10 (-20) MLP|  
 []


Overfull \hbox (3.71779pt too wide) in paragraph at lines 453--453
[]|\T1/lmr/m/n/10 (-20) 0.477454|  
 []


Overfull \hbox (5.04935pt too wide) in paragraph at lines 487--487
[]|\T1/lmr/m/n/10 (-20) XGB|  
 []


Overfull \hbox (3.71779pt too wide) in paragraph at lines 487--487
[]|\T1/lmr/m/n/10 (-20) 0.849077|  
 []


Overfull \hbox (9.2711pt too wide) in paragraph at lines 487--487
[]|\T1/lmr/bx/n/10 (-20) 0.746896|  
 []


Overfull \hbox (5.12378pt too wide) in paragraph at lines 490--490
[]|\T1/lmr/m/n/10 (-20) MLP|  
 []


Overfull \hbox (3.71779pt too wide) in paragraph at lines 490--490
[]|\T1/lmr/m/n/10 (-20) 0.844103|  
 []


Overfull \hbox (3.71779pt too wide) in paragraph at lines 490--490
[]|\T1/lmr/m/n/10 (-20) 0.713719|  
 []

[3]
Overfull \hbox (4.85773pt too wide) in paragraph at lines 524--524
[]|\T1/lmr/m/n/10 (-20) XGB|  
 []


Overfull \hbox (3.30539pt too wide) in paragraph at lines 524--524
[]|\T1/lmr/m/n/10 (-20) 0.842528|  
 []


Overfull \hbox (6.6104pt too wide) in paragraph at lines 524--524
[]|\T1/lmr/bx/n/10 (-20) 0.73816|  
 []


Overfull \hbox (4.93216pt too wide) in paragraph at lines 527--527
[]|\T1/lmr/m/n/10 (-20) MLP|  
 []


Overfull \hbox (3.30539pt too wide) in paragraph at lines 527--527
[]|\T1/lmr/m/n/10 (-20) 0.855981|  
 []


Overfull \hbox (6.69206pt too wide) in paragraph at lines 527--527
[]|\T1/lmr/m/n/10 (-20) 0.735141|  
 []


Overfull \hbox (5.04935pt too wide) in paragraph at lines 561--561
[]|\T1/lmr/m/n/10 (-20) XGB|  
 []


Overfull \hbox (3.71779pt too wide) in paragraph at lines 561--561
[]|\T1/lmr/m/n/10 (-20) 0.813047|  
 []


Overfull \hbox (3.71779pt too wide) in paragraph at lines 561--561
[]|\T1/lmr/m/n/10 (-20) 0.669963|  
 []


Overfull \hbox (5.12378pt too wide) in paragraph at lines 564--564
[]|\T1/lmr/m/n/10 (-20) MLP|  
 []


Overfull \hbox (3.71779pt too wide) in paragraph at lines 564--564
[]|\T1/lmr/m/n/10 (-20) 0.688677|  
 []

<cs01_69.png, id=66, 112.0185pt x 107.6823pt>
File: cs01_69.png Graphic file (type png)
<use cs01_69.png>
Package pdftex.def Info: cs01_69.png  used on input line 579.
(pdftex.def)             Requested size: 112.01991pt x 107.68365pt.

Overfull \hbox (5.04935pt too wide) in paragraph at lines 624--624
[]|\T1/lmr/m/n/10 (-20) XGB|  
 []


Overfull \hbox (3.71779pt too wide) in paragraph at lines 624--624
[]|\T1/lmr/m/n/10 (-20) 0.805927|  
 []


Overfull \hbox (3.71779pt too wide) in paragraph at lines 624--624
[]|\T1/lmr/m/n/10 (-20) 0.622746|  
 []

[4 <./cs01_69.png>]
Overfull \hbox (5.04935pt too wide) in paragraph at lines 658--658
[]|\T1/lmr/m/n/10 (-20) XGB|  
 []


Overfull \hbox (3.71779pt too wide) in paragraph at lines 658--658
[]|\T1/lmr/m/n/10 (-20) 0.843989|  
 []


Overfull \hbox (9.2711pt too wide) in paragraph at lines 658--658
[]|\T1/lmr/bx/n/10 (-20) 0.705343|  
 []


Overfull \hbox (5.04935pt too wide) in paragraph at lines 692--692
[]|\T1/lmr/m/n/10 (-20) XGB|  
 []


Overfull \hbox (3.71779pt too wide) in paragraph at lines 692--692
[]|\T1/lmr/m/n/10 (-20) 0.838436|  
 []


Overfull \hbox (3.71779pt too wide) in paragraph at lines 692--692
[]|\T1/lmr/m/n/10 (-20) 0.693355|  
 []


Overfull \hbox (4.64111pt too wide) in paragraph at lines 726--726
[]|\T1/lmr/m/n/10 (-20) XGB|  
 []


Overfull \hbox (6.30882pt too wide) in paragraph at lines 726--726
[]|\T1/lmr/m/n/10 (-20) 0.814736|  
 []


Overfull \hbox (6.30882pt too wide) in paragraph at lines 726--726
[]|\T1/lmr/m/n/10 (-20) 0.643618|  
 []


Overfull \hbox (4.64111pt too wide) in paragraph at lines 763--763
[]|\T1/lmr/m/n/10 (-20) XGB|  
 []


Overfull \hbox (2.89716pt too wide) in paragraph at lines 763--763
[]|\T1/lmr/m/n/10 (-20) 0.808063|  
 []


Overfull \hbox (9.72049pt too wide) in paragraph at lines 763--763
[]|\T1/lmr/m/n/10 (-20) 0.624804|  
 []


Overfull \hbox (5.04935pt too wide) in paragraph at lines 797--797
[]|\T1/lmr/m/n/10 (-20) XGB|  
 []


Overfull \hbox (3.71779pt too wide) in paragraph at lines 797--797
[]|\T1/lmr/m/n/10 (-20) 0.784651|  
 []


Overfull \hbox (3.71779pt too wide) in paragraph at lines 797--797
[]|\T1/lmr/m/n/10 (-20) 0.584655|  
 []

[5]
Overfull \hbox (5.04935pt too wide) in paragraph at lines 831--831
[]|\T1/lmr/m/n/10 (-20) XGB|  
 []


Overfull \hbox (3.71779pt too wide) in paragraph at lines 831--831
[]|\T1/lmr/m/n/10 (-20) 0.790231|  
 []


Overfull \hbox (5.04935pt too wide) in paragraph at lines 865--865
[]|\T1/lmr/m/n/10 (-20) XGB|  
 []


Overfull \hbox (3.71779pt too wide) in paragraph at lines 865--865
[]|\T1/lmr/m/n/10 (-20) 0.810175|  
 []


Overfull \hbox (3.71779pt too wide) in paragraph at lines 865--865
[]|\T1/lmr/m/n/10 (-20) 0.631054|  
 []


Overfull \hbox (5.04935pt too wide) in paragraph at lines 902--902
[]|\T1/lmr/m/n/10 (-20) XGB|  
 []


Overfull \hbox (3.71779pt too wide) in paragraph at lines 902--902
[]|\T1/lmr/m/n/10 (-20) 0.805099|  
 []


Overfull \hbox (3.71779pt too wide) in paragraph at lines 902--902
[]|\T1/lmr/m/n/10 (-20) 0.622204|  
 []


Overfull \hbox (5.04935pt too wide) in paragraph at lines 936--936
[]|\T1/lmr/m/n/10 (-20) XGB|  
 []


Overfull \hbox (3.71779pt too wide) in paragraph at lines 936--936
[]|\T1/lmr/m/n/10 (-20) 0.841707|  
 []


Overfull \hbox (9.2711pt too wide) in paragraph at lines 936--936
[]|\T1/lmr/bx/n/10 (-20) 0.701411|  
 []


Overfull \hbox (4.85773pt too wide) in paragraph at lines 970--970
[]|\T1/lmr/m/n/10 (-20) XGB|  
 []


Overfull \hbox (3.30539pt too wide) in paragraph at lines 970--970
[]|\T1/lmr/m/n/10 (-20) 0.842687|  
 []


Overfull \hbox (12.24538pt too wide) in paragraph at lines 970--970
[]|\T1/lmr/bx/n/10 (-20) 0.702427|  
 []


Overfull \hbox (5.04935pt too wide) in paragraph at lines 1004--1004
[]|\T1/lmr/m/n/10 (-20) XGB|  
 []


Overfull \hbox (3.71779pt too wide) in paragraph at lines 1004--1004
[]|\T1/lmr/m/n/10 (-20) 0.808041|  
 []


Overfull \hbox (3.71779pt too wide) in paragraph at lines 1004--1004
[]|\T1/lmr/m/n/10 (-20) 0.628516|  
 []

[6] [7] [8] (result.aux)

LaTeX Warning: Label(s) may have changed. Rerun to get cross-references right.

 ) 
Here is how much of TeX's memory you used:
 12740 strings out of 478908
 197349 string characters out of 2841970
 574865 words of memory out of 3000000
 30242 multiletter control sequences out of 15000+600000
 439558 words of font info for 80 fonts, out of 8000000 for 9000
 1141 hyphenation exceptions out of 8191
 74i,7n,80p,1005b,460s stack positions out of 5000i,500n,10000p,200000b,80000s
{/Users/maurizio/Library/Application Support/MiKTeX/texmfs/install/fonts/enc/
dvips/lm/lm-ec.enc}{/Users/maurizio/Library/Application Support/MiKTeX/texmfs/i
nstall/fonts/enc/dvips/lm/lm-ts1.enc}</Users/maurizio/Library/Application Suppo
rt/MiKTeX/texmfs/install/fonts/type1/public/lm/lmbx10.pfb></Users/maurizio/Libr
ary/Application Support/MiKTeX/texmfs/install/fonts/type1/public/lm/lmbx12.pfb>
</Users/maurizio/Library/Application Support/MiKTeX/texmfs/install/fonts/type1/
public/lm/lmr10.pfb></Users/maurizio/Library/Application Support/MiKTeX/texmfs/
install/fonts/type1/public/lm/lmr12.pfb></Users/maurizio/Library/Application Su
pport/MiKTeX/texmfs/install/fonts/type1/public/lm/lmr17.pfb>
Output written on result.pdf (8 pages, 195618 bytes).
PDF statistics:
 244 PDF objects out of 1000 (max. 8388607)
 111 named destinations out of 1000 (max. 500000)
 22651 words of extra memory for PDF output out of 24883 (max. 10000000)

